<?xml version="1.0" encoding="utf-8"?><testsuites><testsuite name="pytest" errors="0" failures="0" skipped="0" tests="23" time="11.219" timestamp="2022-02-10T17:20:18.572067" hostname="Mercury"><testcase classname="tests.e2e.notice_fetcher.test_notice_fetcher" name="test_notice_fetcher_by_identifier" time="0.687" /><testcase classname="tests.e2e.notice_fetcher.test_notice_fetcher" name="test_notice_fetcher_by_search_query" time="0.707" /><testcase classname="tests.e2e.notice_fetcher.test_notice_fetcher" name="test_notice_fetcher_by_date_range" time="1.689" /><testcase classname="tests.e2e.notice_fetcher.test_ted_api" name="test_ted_api" time="4.513" /><testcase classname="tests.e2e.notice_fetcher.test_ted_api" name="test_ted_api_error" time="0.512" /><testcase classname="tests.unit.domain.model.test_metadata" name="test_metadata" time="0.009" /><testcase classname="tests.unit.domain.model.test_notice_creation" name="test_manifestation_invalid_creation" time="0.000" /><testcase classname="tests.unit.domain.model.test_notice_creation" name="test_manifestation_creation" time="0.000" /><testcase classname="tests.unit.domain.model.test_notice_creation" name="test_notice_creation" time="0.001" /><testcase classname="tests.unit.domain.model.test_notice_creation" name="test_notice_invalid_creation" time="0.000" /><testcase classname="tests.unit.domain.model.test_notice_creation" name="test_notice_status_validation" time="0.001" /><testcase classname="tests.unit.domain.model.test_notice_status_transition" name="test_status_transition" time="0.000" /><testcase classname="tests.unit.domain.model.test_pydantic" name="test_pydantic_1" time="0.000" /><testcase classname="tests.unit.domain.model.test_pydantic" name="test_pydantic_2" time="0.000" /><testcase classname="tests.unit.domain.model.test_update_notice_state" name="test_setting_normalised_metadata_downstream" time="0.001" /><testcase classname="tests.unit.domain.model.test_update_notice_state" name="test_setting_normalised_metadata_upstream" time="0.001" /><testcase classname="tests.unit.notice_fetcher.test_fake_ted_api" name="test_fake_ted_api" time="0.013" /><testcase classname="tests.unit.notice_fetcher.test_notice_fetcher" name="test_notice_fetcher_by_identifier" time="0.000" /><testcase classname="tests.unit.notice_fetcher.test_notice_fetcher" name="test_notice_fetcher_by_search_query" time="0.001" /><testcase classname="tests.unit.notice_fetcher.test_notice_fetcher" name="test_notice_fetcher_by_date_range" time="0.000" /><testcase classname="tests.unit.notice_fetcher.test_ted_api" name="test_ted_api" time="0.000" /><testcase classname="tests.unit.notice_packager.test_input_data" name="test_sample_metadata" time="0.007" /><testcase classname="tests.unit.notice_packager.test_input_data" name="test_sample_content" time="0.000" /></testsuite></testsuites>